<?xml version="1.0" encoding="UTF-8"?>
<testng-results ignored="0" total="1" passed="1" failed="0" skipped="0">
  <reporter-output>
  </reporter-output>
  <suite started-at="2019-07-21T11:50:24Z" name="Suite" finished-at="2019-07-21T11:51:05Z" duration-ms="40305">
    <groups>
    </groups>
    <test started-at="2019-07-21T11:50:24Z" name="Test" finished-at="2019-07-21T11:51:05Z" duration-ms="40305">
      <class name="com.discovery.TestRunner.TestRunner">
        <test-method is-config="true" signature="setClass()[pri:0, instance:com.discovery.TestRunner.TestRunner@78ffe6dc]" started-at="2019-07-21T11:50:25Z" name="setClass" finished-at="2019-07-21T11:50:26Z" duration-ms="1139" status="PASS">
          <reporter-output>
          </reporter-output>
        </test-method> <!-- setClass -->
        <test-method signature="features(cucumber.api.testng.CucumberFeatureWrapper)[pri:0, instance:com.discovery.TestRunner.TestRunner@78ffe6dc]" started-at="2019-07-21T11:50:26Z" name="features" data-provider="features" finished-at="2019-07-21T11:51:05Z" duration-ms="38482" status="PASS">
          <params>
            <param index="0">
              <value>
                <![CDATA[To add videos from recommanded videos and verify in my videos]]>
              </value>
            </param>
          </params>
          <reporter-output>
          </reporter-output>
        </test-method> <!-- features -->
        <test-method is-config="true" signature="stopCucumberRunner()[pri:0, instance:com.discovery.TestRunner.TestRunner@78ffe6dc]" started-at="2019-07-21T11:51:05Z" name="stopCucumberRunner" finished-at="2019-07-21T11:51:05Z" duration-ms="3" status="PASS">
          <reporter-output>
          </reporter-output>
        </test-method> <!-- stopCucumberRunner -->
      </class> <!-- com.discovery.TestRunner.TestRunner -->
    </test> <!-- Test -->
  </suite> <!-- Suite -->
</testng-results>
